\BOOKMARK [0][-]{chapter.1}{\376\377\000I\000n\000t\000r\000o\000d\000u\000c\000t\000i\000o\000n\000\040\000\046\000\040\000R\000e\000v\000i\000e\000w}{}% 1
\BOOKMARK [1][-]{section.1.1}{\376\377\000I\000n\000t\000r\000o\000d\000u\000c\000t\000i\000o\000n}{chapter.1}% 2
\BOOKMARK [1][-]{section.1.2}{\376\377\000H\000o\000w\000\040\000t\000o\000\040\000r\000e\000a\000d\000\040\000t\000h\000i\000s\000\040\000t\000e\000x\000t}{chapter.1}% 3
\BOOKMARK [2][-]{subsection.1.2.1}{\376\377\000M\000a\000t\000h\000e\000m\000a\000t\000i\000c\000a\000l\000\040\000l\000a\000n\000g\000u\000a\000g\000e}{section.1.2}% 4
\BOOKMARK [1][-]{section.1.3}{\376\377\000R\000e\000v\000i\000e\000w}{chapter.1}% 5
\BOOKMARK [2][-]{subsection.1.3.1}{\376\377\000C\000o\000m\000p\000u\000t\000a\000t\000i\000o\000n}{section.1.3}% 6
\BOOKMARK [2][-]{subsection.1.3.2}{\376\377\000A\000l\000g\000e\000b\000r\000a}{section.1.3}% 7
\BOOKMARK [2][-]{subsection.1.3.3}{\376\377\000G\000e\000o\000m\000e\000t\000r\000y}{section.1.3}% 8
\BOOKMARK [2][-]{subsection.1.3.4}{\376\377\000T\000r\000i\000g\000o\000n\000o\000m\000e\000t\000r\000y}{section.1.3}% 9
\BOOKMARK [2][-]{subsection.1.3.5}{\376\377\000F\000u\000n\000c\000t\000i\000o\000n\000s}{section.1.3}% 10
\BOOKMARK [2][-]{subsection.1.3.6}{\376\377\000C\000a\000l\000c\000u\000l\000u\000s}{section.1.3}% 11
\BOOKMARK [0][-]{chapter.2}{\376\377\000T\000u\000t\000o\000r\000i\000a\000l\000s}{}% 12
\BOOKMARK [1][-]{section.2.1}{\376\377\000W\000o\000l\000f\000r\000a\000m\000\040\000A\000l\000p\000h\000a}{chapter.2}% 13
\BOOKMARK [2][-]{subsection.2.1.1}{\376\377\000S\000o\000l\000v\000i\000n\000g\000\040\000A\000l\000g\000e\000b\000r\000a\000i\000c\000\040\000E\000x\000p\000r\000e\000s\000s\000i\000o\000n\000s}{section.2.1}% 14
\BOOKMARK [2][-]{subsection.2.1.2}{\376\377\000E\000r\000r\000o\000r\000\040\000C\000h\000e\000c\000k\000i\000n\000g}{section.2.1}% 15
\BOOKMARK [-1][-]{part.1}{\376\377\000I\000\040\000O\000r\000d\000i\000n\000a\000r\000y\000\040\000D\000i\000f\000f\000e\000r\000e\000n\000t\000i\000a\000l\000\040\000E\000q\000u\000a\000t\000i\000o\000n\000s}{}% 16
\BOOKMARK [0][-]{chapter.3}{\376\377\000T\000h\000e\000\040\000C\000o\000m\000p\000l\000e\000x\000\040\000N\000u\000m\000b\000e\000r\000s}{part.1}% 17
\BOOKMARK [1][-]{section.3.1}{\376\377\000I\000n\000t\000r\000o\000d\000u\000c\000t\000i\000o\000n\000\040\000t\000o\000\040\000C\000o\000m\000p\000l\000e\000x\000\040\000N\000u\000m\000b\000e\000r\000s}{chapter.3}% 18
\BOOKMARK [1][-]{section.3.2}{\376\377\000C\000o\000m\000p\000l\000e\000x\000\040\000N\000u\000m\000b\000e\000r\000\040\000A\000l\000g\000e\000b\000r\000a}{chapter.3}% 19
\BOOKMARK [1][-]{section.3.3}{\376\377\000G\000e\000o\000m\000e\000t\000r\000y\000\040\000o\000f\000\040\000c\000o\000m\000p\000l\000e\000x\000\040\000n\000u\000m\000b\000e\000r\000s}{chapter.3}% 20
\BOOKMARK [1][-]{section.3.4}{\376\377\000P\000o\000l\000a\000r\000\040\000c\000o\000o\000r\000d\000i\000n\000a\000t\000e\000s}{chapter.3}% 21
\BOOKMARK [2][-]{subsection.3.4.1}{\376\377\000E\000u\000l\000e\000r\000'\000s\000\040\000F\000o\000r\000m\000u\000l\000a}{section.3.4}% 22
\BOOKMARK [2][-]{subsection.3.4.2}{\376\377\000P\000o\000l\000a\000r\000\040\000C\000o\000o\000r\000d\000i\000n\000a\000t\000e\000s\000\040\000a\000n\000d\000\040\000T\000r\000a\000n\000s\000f\000o\000r\000m\000a\000t\000i\000o\000n\000s}{section.3.4}% 23
\BOOKMARK [2][-]{subsection.3.4.3}{\376\377\000M\000u\000l\000t\000i\000p\000l\000i\000c\000a\000t\000i\000o\000n\000\040\000o\000f\000\040\000c\000o\000m\000p\000l\000e\000x\000\040\000n\000u\000m\000b\000e\000r\000s\000\040\000i\000n\000\040\000p\000o\000l\000a\000r\000\040\000f\000o\000r\000m}{section.3.4}% 24
\BOOKMARK [1][-]{section.3.5}{\376\377\000P\000e\000r\000i\000o\000d\000i\000c\000\040\000M\000o\000t\000i\000o\000n}{chapter.3}% 25
\BOOKMARK [0][-]{chapter.4}{\376\377\000F\000i\000r\000s\000t\000\040\000a\000n\000d\000\040\000S\000e\000c\000o\000n\000d\000\040\000O\000r\000d\000e\000r\000\040\000D\000y\000n\000a\000m\000i\000c\000s}{part.1}% 26
\BOOKMARK [1][-]{section.4.1}{\376\377\000O\000r\000d\000i\000n\000a\000r\000y\000\040\000D\000i\000f\000f\000e\000r\000e\000n\000t\000i\000a\000l\000\040\000E\000q\000u\000a\000t\000i\000o\000n\000s}{chapter.4}% 27
\BOOKMARK [1][-]{section.4.2}{\376\377\000S\000o\000l\000u\000t\000i\000o\000n\000s\000\040\000t\000o\000\040\000a\000n\000\040\000O\000D\000E}{chapter.4}% 28
\BOOKMARK [1][-]{section.4.3}{\376\377\000G\000e\000n\000e\000r\000a\000l\000\040\000a\000n\000d\000\040\000P\000a\000r\000t\000i\000c\000u\000l\000a\000r\000\040\000S\000o\000l\000u\000t\000i\000o\000n\000s}{chapter.4}% 29
\BOOKMARK [1][-]{section.4.4}{\376\377\000S\000e\000p\000a\000r\000a\000b\000l\000e\000\040\000E\000q\000u\000a\000t\000i\000o\000n\000s}{chapter.4}% 30
\BOOKMARK [1][-]{section.4.5}{\376\377\000C\000h\000a\000n\000g\000i\000n\000g\000\040\000V\000a\000r\000i\000a\000b\000l\000e\000s\000\040\000a\000n\000d\000\040\000S\000y\000m\000m\000e\000t\000r\000y}{chapter.4}% 31
\BOOKMARK [1][-]{section.4.6}{\376\377\000Q\000u\000a\000l\000i\000t\000a\000t\000i\000v\000e\000\040\000a\000n\000a\000l\000y\000s\000i\000s\000\040\000f\000o\000r\000\040\000f\000i\000r\000s\000t\000\040\000o\000r\000d\000e\000r\000\040\000e\000q\000u\000a\000t\000i\000o\000n\000s}{chapter.4}% 32
\BOOKMARK [2][-]{subsection.4.6.1}{\376\377\000A\000u\000t\000o\000n\000o\000m\000o\000u\000s\000\040\000e\000q\000u\000a\000t\000i\000o\000n\000s}{section.4.6}% 33
\BOOKMARK [1][-]{section.4.7}{\376\377\000F\000i\000r\000s\000t\000\040\000O\000r\000d\000e\000r\000\040\000L\000i\000n\000e\000a\000r\000\040\000D\000i\000f\000f\000e\000r\000e\000n\000t\000i\000a\000l\000\040\000E\000q\000u\000a\000t\000i\000o\000n\000s}{chapter.4}% 34
\BOOKMARK [1][-]{section.4.8}{\376\377\000A\000p\000p\000l\000i\000c\000a\000t\000i\000o\000n\000s\000\040\000t\000o\000\040\000C\000h\000e\000m\000i\000c\000a\000l\000\040\000K\000i\000n\000e\000t\000i\000c\000s}{chapter.4}% 35
\BOOKMARK [1][-]{section.4.9}{\376\377\000S\000e\000c\000o\000n\000d\000\040\000O\000r\000d\000e\000r\000\040\000E\000q\000u\000a\000t\000i\000o\000n\000s}{chapter.4}% 36
\BOOKMARK [2][-]{subsection.4.9.1}{\376\377\000H\000o\000m\000o\000g\000e\000n\000e\000o\000u\000s\000\040\000a\000n\000d\000\040\000C\000o\000n\000s\000t\000a\000n\000t\000\040\000C\000o\000e\000f\000f\000i\000c\000i\000e\000n\000t\000s}{section.4.9}% 37
\BOOKMARK [2][-]{subsection.4.9.2}{\376\377\000Q\000u\000a\000l\000i\000t\000a\000t\000i\000v\000e\000\040\000A\000n\000a\000l\000y\000s\000i\000s}{section.4.9}% 38
\BOOKMARK [2][-]{subsection.4.9.3}{\376\377\000I\000n\000h\000o\000m\000o\000g\000e\000n\000e\000o\000u\000s\000\040\000L\000i\000n\000e\000a\000r\000\040\000E\000q\000u\000a\000t\000i\000o\000n\000s}{section.4.9}% 39
\BOOKMARK [0][-]{chapter.5}{\376\377\000B\000o\000u\000n\000d\000a\000r\000y\000\040\000V\000a\000l\000u\000e\000\040\000P\000r\000o\000b\000l\000e\000m\000s}{part.1}% 40
\BOOKMARK [1][-]{section.5.1}{\376\377\000L\000a\000p\000l\000a\000c\000e\000'\000s\000\040\000a\000n\000d\000\040\000P\000o\000i\000s\000s\000o\000n\000'\000s\000\040\000E\000q\000u\000a\000t\000i\000o\000n\000s}{chapter.5}% 41
\BOOKMARK [1][-]{section.5.2}{\376\377\000A\000\040\000P\000a\000r\000t\000i\000c\000l\000e\000\040\000i\000n\000\040\000a\000\040\0001\000-\000D\000i\000m\000e\000n\000s\000i\000o\000n\000a\000l\000\040\000B\000o\000x}{chapter.5}% 42
\BOOKMARK [-1][-]{part.2}{\376\377\000I\000I\000\040\000E\000l\000e\000m\000e\000n\000t\000s\000\040\000o\000f\000\040\000A\000n\000a\000l\000y\000s\000i\000s}{}% 43
\BOOKMARK [0][-]{chapter.6}{\376\377\000S\000e\000q\000u\000e\000n\000c\000e\000s\000\040\000a\000n\000d\000\040\000S\000e\000r\000i\000e\000s}{part.2}% 44
\BOOKMARK [1][-]{section.6.1}{\376\377\000S\000e\000q\000u\000e\000n\000c\000e\000s}{chapter.6}% 45
\BOOKMARK [2][-]{subsection.6.1.1}{\376\377\000C\000o\000n\000v\000e\000r\000g\000e\000n\000c\000e}{section.6.1}% 46
\BOOKMARK [2][-]{subsection.6.1.2}{\376\377\000R\000e\000c\000u\000r\000s\000i\000v\000e\000\040\000S\000e\000q\000u\000e\000n\000c\000e\000s}{section.6.1}% 47
\BOOKMARK [1][-]{section.6.2}{\376\377\000S\000e\000r\000i\000e\000s}{chapter.6}% 48
\BOOKMARK [0][-]{chapter.7}{\376\377\000P\000o\000w\000e\000r\000\040\000S\000e\000r\000i\000e\000s}{part.2}% 49
\BOOKMARK [1][-]{section.7.1}{\376\377\000P\000o\000w\000e\000r\000\040\000S\000e\000r\000i\000e\000s}{chapter.7}% 50
\BOOKMARK [1][-]{section.7.2}{\376\377\000T\000a\000y\000l\000o\000r\000\040\000S\000e\000r\000i\000e\000s}{chapter.7}% 51
\BOOKMARK [1][-]{section.7.3}{\376\377\000O\000p\000e\000r\000a\000t\000i\000o\000n\000s\000\040\000w\000i\000t\000h\000\040\000P\000o\000w\000e\000r\000\040\000S\000e\000r\000i\000e\000s}{chapter.7}% 52
\BOOKMARK [1][-]{section.7.4}{\376\377\000A\000p\000p\000r\000o\000x\000i\000m\000a\000t\000i\000o\000n\000\040\000w\000i\000t\000h\000\040\000P\000o\000w\000e\000r\000\040\000S\000e\000r\000i\000e\000s}{chapter.7}% 53
\BOOKMARK [1][-]{section.7.5}{\376\377\000P\000o\000w\000e\000r\000\040\000S\000e\000r\000i\000e\000s\000\040\000S\000o\000l\000u\000t\000i\000o\000n\000s\000\040\000t\000o\000\040\000D\000i\000f\000f\000e\000r\000e\000n\000t\000i\000a\000l\000\040\000E\000q\000u\000a\000t\000i\000o\000n\000s}{chapter.7}% 54
\BOOKMARK [1][-]{section.7.6}{\376\377\000O\000r\000t\000h\000o\000g\000o\000n\000a\000l\000\040\000P\000o\000l\000y\000n\000o\000m\000i\000a\000l\000s\000\040\000f\000r\000o\000m\000\040\000P\000o\000w\000e\000r\000\040\000S\000e\000r\000i\000e\000s\000\040\000S\000o\000l\000u\000t\000i\000o\000n\000s}{chapter.7}% 55
\BOOKMARK [2][-]{subsection.7.6.1}{\376\377\000L\000e\000g\000e\000n\000d\000r\000e\000'\000s\000\040\000E\000q\000u\000a\000t\000i\000o\000n}{section.7.6}% 56
\BOOKMARK [1][-]{section.7.7}{\376\377\000Q\000u\000a\000n\000t\000u\000m\000\040\000H\000a\000r\000m\000o\000n\000i\000c\000\040\000O\000s\000c\000i\000l\000l\000a\000t\000o\000r}{chapter.7}% 57
\BOOKMARK [2][-]{subsection.7.7.1}{\376\377\000Q\000u\000a\000n\000t\000u\000m\000\040\000t\000u\000n\000n\000e\000l\000i\000n\000g}{section.7.7}% 58
\BOOKMARK [-1][-]{part.3}{\376\377\000I\000I\000I\000\040\000F\000i\000n\000i\000t\000e\000\040\000D\000i\000m\000e\000n\000s\000i\000o\000n\000a\000l\000\040\000L\000i\000n\000e\000a\000r\000\040\000A\000l\000g\000e\000b\000r\000a}{}% 59
\BOOKMARK [0][-]{chapter.8}{\376\377\000V\000e\000c\000t\000o\000r\000s\000\040\000a\000n\000d\000\040\000V\000e\000c\000t\000o\000r\000\040\000S\000p\000a\000c\000e\000s}{part.3}% 60
\BOOKMARK [1][-]{section.8.1}{\376\377\000V\000e\000c\000t\000o\000r\000\040\000S\000p\000a\000c\000e\000s}{chapter.8}% 61
\BOOKMARK [1][-]{section.8.2}{\376\377\000V\000e\000c\000t\000o\000r\000\040\000A\000l\000g\000e\000b\000r\000a}{chapter.8}% 62
\BOOKMARK [2][-]{subsection.8.2.1}{\376\377\000L\000i\000n\000e\000a\000r\000\040\000C\000o\000m\000b\000i\000n\000a\000t\000i\000o\000n\000s}{section.8.2}% 63
\BOOKMARK [1][-]{section.8.3}{\376\377\000V\000e\000c\000t\000o\000r\000\040\000C\000o\000m\000p\000o\000n\000e\000n\000t\000s}{chapter.8}% 64
\BOOKMARK [1][-]{section.8.4}{\376\377\000V\000e\000c\000t\000o\000r\000\040\000A\000l\000g\000e\000b\000r\000a\000\040\000w\000i\000t\000h\000\040\000C\000o\000m\000p\000o\000n\000e\000n\000t\000s}{chapter.8}% 65
\BOOKMARK [1][-]{section.8.5}{\376\377\000P\000r\000o\000d\000u\000c\000t\000s\000\040\000o\000f\000\040\000V\000e\000c\000t\000o\000r\000s}{chapter.8}% 66
\BOOKMARK [2][-]{subsection.8.5.1}{\376\377\000T\000h\000e\000\040\000D\000o\000t\000\040\000P\000r\000o\000d\000u\000c\000t}{section.8.5}% 67
\BOOKMARK [2][-]{subsection.8.5.2}{\376\377\000T\000h\000e\000\040\000C\000r\000o\000s\000s\000\040\000P\000r\000o\000d\000u\000c\000t}{section.8.5}% 68
\BOOKMARK [0][-]{chapter.9}{\376\377\000L\000i\000n\000e\000a\000r\000\040\000T\000r\000a\000n\000s\000f\000o\000r\000m\000a\000t\000i\000o\000n\000s\000\040\000a\000n\000d\000\040\000M\000a\000t\000r\000i\000c\000e\000s}{part.3}% 69
\BOOKMARK [1][-]{section.9.1}{\376\377\000L\000i\000n\000e\000a\000r\000\040\000T\000r\000a\000n\000s\000f\000o\000r\000m\000a\000t\000i\000o\000n\000s}{chapter.9}% 70
\BOOKMARK [1][-]{section.9.2}{\376\377\000M\000a\000t\000r\000i\000x\000\040\000R\000e\000p\000r\000e\000s\000e\000n\000t\000a\000t\000i\000o\000n\000\040\000o\000f\000\040\000L\000i\000n\000e\000a\000r\000\040\000T\000r\000a\000n\000s\000f\000o\000r\000m\000a\000t\000i\000o\000n\000s}{chapter.9}% 71
\BOOKMARK [2][-]{subsection.9.2.1}{\376\377\000M\000a\000t\000r\000i\000x\000\040\000A\000l\000g\000e\000b\000r\000a}{section.9.2}% 72
\BOOKMARK [2][-]{subsection.9.2.2}{\376\377\000P\000r\000o\000p\000e\000r\000t\000i\000e\000s\000\040\000o\000f\000\040\000M\000a\000t\000r\000i\000x\000\040\000M\000u\000l\000t\000i\000p\000l\000i\000c\000a\000t\000i\000o\000n}{section.9.2}% 73
\BOOKMARK [1][-]{section.9.3}{\376\377\000S\000y\000s\000t\000e\000m\000s\000\040\000o\000f\000\040\000L\000i\000n\000e\000a\000r\000\040\000E\000q\000u\000a\000t\000i\000o\000n\000s}{chapter.9}% 74
\BOOKMARK [1][-]{section.9.4}{\376\377\000S\000o\000l\000v\000i\000n\000g\000\040\000L\000i\000n\000e\000a\000r\000\040\000S\000y\000s\000t\000e\000m\000s\000\040\000o\000f\000\040\000E\000q\000u\000a\000t\000i\000o\000n\000s}{chapter.9}% 75
\BOOKMARK [1][-]{section.9.5}{\376\377\000L\000i\000n\000e\000a\000r\000\040\000I\000n\000d\000e\000p\000e\000n\000d\000e\000n\000c\000e\000,\000\040\000S\000p\000a\000n\000,\000\040\000a\000n\000d\000\040\000B\000a\000s\000e\000s}{chapter.9}% 76
\BOOKMARK [1][-]{section.9.6}{\376\377\000T\000h\000e\000\040\000D\000e\000t\000e\000r\000m\000i\000n\000a\000n\000t\000\040\000a\000n\000d\000\040\000T\000r\000a\000c\000e}{chapter.9}% 77
\BOOKMARK [2][-]{subsection.9.6.1}{\376\377\000D\000e\000t\000e\000r\000m\000i\000n\000a\000n\000t\000s\000\040\000a\000n\000d\000\040\000S\000y\000s\000t\000e\000m\000s\000\040\000o\000f\000\040\000E\000q\000u\000a\000t\000i\000o\000n\000s}{section.9.6}% 78
\BOOKMARK [2][-]{subsection.9.6.2}{\376\377\000P\000r\000o\000p\000e\000r\000t\000i\000e\000s\000\040\000o\000f\000\040\000d\000e\000t\000e\000r\000m\000i\000n\000a\000n\000t\000s}{section.9.6}% 79
\BOOKMARK [2][-]{subsection.9.6.3}{\376\377\000T\000h\000e\000\040\000T\000r\000a\000c\000e}{section.9.6}% 80
\BOOKMARK [1][-]{section.9.7}{\376\377\000I\000n\000v\000e\000r\000s\000e\000\040\000M\000a\000t\000r\000i\000c\000e\000s\000\040\000a\000n\000d\000\040\000S\000i\000m\000i\000l\000a\000r\000i\000t\000y\000\040}{chapter.9}% 81
\BOOKMARK [2][-]{subsection.9.7.1}{\376\377\000P\000r\000o\000p\000e\000r\000t\000i\000e\000s\000\040\000R\000e\000l\000a\000t\000e\000d\000\040\000t\000o\000\040\000I\000n\000v\000e\000r\000s\000e\000\040\000M\000a\000t\000r\000i\000c\000e\000s}{section.9.7}% 82
\BOOKMARK [1][-]{section.9.8}{\376\377\000T\000h\000e\000\040\000E\000i\000g\000e\000n\000-\000P\000r\000o\000b\000l\000e\000m}{chapter.9}% 83
\BOOKMARK [1][-]{section.9.9}{\376\377\000D\000i\000a\000g\000o\000n\000a\000l\000i\000z\000a\000t\000i\000o\000n\000\040\000a\000n\000d\000\040\000S\000p\000e\000c\000i\000a\000l\000\040\000M\000a\000t\000r\000i\000c\000e\000s}{chapter.9}% 84
\BOOKMARK [2][-]{subsection.9.9.1}{\376\377\000H\000e\000r\000m\000i\000t\000i\000a\000n\000\040\000M\000a\000t\000r\000i\000c\000e\000s}{section.9.9}% 85
\BOOKMARK [1][-]{section.9.10}{\376\377\000G\000r\000o\000u\000p\000s\000\040\000a\000n\000d\000\040\000S\000y\000m\000m\000e\000t\000r\000y}{chapter.9}% 86
\BOOKMARK [-1][-]{part.4}{\376\377\000I\000V\000\040\000C\000a\000l\000c\000u\000l\000u\000s\000\040\000i\000n\000\040\000H\000i\000g\000h\000e\000r\000\040\000D\000i\000m\000e\000n\000s\000i\000o\000n\000s}{}% 87
\BOOKMARK [0][-]{chapter.10}{\376\377\000C\000u\000r\000v\000e\000s\000,\000\040\000s\000c\000a\000l\000a\000r\000\040\000f\000i\000e\000l\000d\000s\000,\000\040\000a\000n\000d\000\040\000v\000e\000c\000t\000o\000r\000\040\000f\000i\000e\000l\000d\000s}{part.4}% 88
\BOOKMARK [1][-]{section.10.1}{\376\377\000O\000v\000e\000r\000v\000i\000e\000w\000\040\000o\000f\000\040\000h\000i\000g\000h\000e\000r\000\040\000d\000i\000m\000e\000n\000s\000i\000o\000n\000a\000l\000\040\000f\000u\000n\000c\000t\000i\000o\000n\000s}{chapter.10}% 89
\BOOKMARK [1][-]{section.10.2}{\376\377\000C\000u\000r\000v\000e\000s\000\040\000i\000n\000\040\000s\000p\000a\000c\000e}{chapter.10}% 90
\BOOKMARK [2][-]{subsection.10.2.1}{\376\377\000D\000e\000r\000i\000v\000a\000t\000i\000v\000e\000s\000\040\000o\000f\000\040\000C\000u\000r\000v\000e\000s}{section.10.2}% 91
\BOOKMARK [2][-]{subsection.10.2.2}{\376\377\000L\000e\000n\000g\000t\000h\000s\000\040\000o\000f\000\040\000C\000u\000r\000v\000e\000s}{section.10.2}% 92
\BOOKMARK [1][-]{section.10.3}{\376\377\000S\000c\000a\000l\000a\000r\000\040\000f\000i\000e\000l\000d\000s}{chapter.10}% 93
\BOOKMARK [2][-]{subsection.10.3.1}{\376\377\000P\000a\000r\000t\000i\000a\000l\000\040\000d\000e\000r\000i\000v\000a\000t\000i\000v\000e\000s\000\040\000o\000f\000\040\000s\000c\000a\000l\000a\000r\000\040\000f\000i\000e\000l\000d\000s}{section.10.3}% 94
\BOOKMARK [2][-]{subsection.10.3.2}{\376\377\000D\000i\000r\000e\000c\000t\000i\000o\000n\000a\000l\000\040\000D\000e\000r\000i\000v\000a\000t\000i\000v\000e\000s}{section.10.3}% 95
\BOOKMARK [1][-]{section.10.4}{\376\377\000V\000e\000c\000t\000o\000r\000\040\000F\000i\000e\000l\000d\000s}{chapter.10}% 96
\BOOKMARK [2][-]{subsection.10.4.1}{\376\377\000V\000e\000c\000t\000o\000r\000\040\000f\000i\000e\000l\000d\000\040\000a\000l\000g\000e\000b\000r\000a}{section.10.4}% 97
\BOOKMARK [0][-]{chapter.11}{\376\377\000V\000e\000c\000t\000o\000r\000\040\000c\000a\000l\000c\000u\000l\000u\000s}{part.4}% 98
\BOOKMARK [1][-]{section.11.1}{\376\377\000T\000h\000e\000\040\000g\000r\000a\000d\000i\000e\000n\000t\000\040\000o\000f\000\040\000a\000\040\000s\000c\000a\000l\000a\000r\000\040\000f\000i\000e\000l\000d}{chapter.11}% 99
\BOOKMARK [2][-]{subsection.11.1.1}{\376\377\000O\000p\000t\000i\000m\000i\000z\000a\000t\000i\000o\000n}{section.11.1}% 100
\BOOKMARK [1][-]{section.11.2}{\376\377\000D\000i\000f\000f\000e\000r\000e\000n\000t\000i\000a\000t\000i\000o\000n\000\040\000o\000f\000\040\000V\000e\000c\000t\000o\000r\000\040\000f\000i\000e\000l\000d\000s}{chapter.11}% 101
\BOOKMARK [2][-]{subsection.11.2.1}{\376\377\000T\000h\000e\000\040\000J\000a\000c\000o\000b\000i\000a\000n\000\040\000o\000f\000\040\000a\000\040\000v\000e\000c\000t\000o\000r\000\040\000f\000i\000e\000l\000d}{section.11.2}% 102
\BOOKMARK [2][-]{subsection.11.2.2}{\376\377\000D\000i\000v\000e\000r\000g\000e\000n\000c\000e\000\040\000a\000n\000d\000\040\000C\000u\000r\000l}{section.11.2}% 103
\BOOKMARK [1][-]{section.11.3}{\376\377\000L\000a\000p\000l\000a\000c\000e\000\040\000O\000p\000e\000r\000a\000t\000o\000r}{chapter.11}% 104
\BOOKMARK [2][-]{subsection.11.3.1}{\376\377\000T\000h\000e\000\040\000L\000a\000p\000l\000a\000c\000i\000a\000n\000\040\000o\000f\000\040\000a\000\040\000S\000c\000a\000l\000a\000r\000\040\000F\000i\000e\000l\000d}{section.11.3}% 105
\BOOKMARK [2][-]{subsection.11.3.2}{\376\377\000V\000e\000c\000t\000o\000r\000\040\000L\000a\000p\000l\000a\000c\000i\000a\000n}{section.11.3}% 106
\BOOKMARK [1][-]{section.11.4}{\376\377\000C\000o\000m\000p\000o\000s\000i\000t\000e\000\040\000F\000u\000n\000c\000t\000i\000o\000n\000s\000\040\000a\000n\000d\000\040\000C\000h\000a\000i\000n\000\040\000R\000u\000l\000e}{chapter.11}% 107
\BOOKMARK [2][-]{subsection.11.4.1}{\376\377\000C\000o\000m\000p\000o\000s\000i\000t\000e\000\040\000F\000u\000n\000c\000t\000i\000o\000n\000s}{section.11.4}% 108
\BOOKMARK [1][-]{section.11.5}{\376\377\000I\000n\000t\000e\000g\000r\000a\000t\000i\000o\000n\000\040\000o\000f\000\040\000V\000e\000c\000t\000o\000r\000\040\000F\000i\000e\000l\000d\000s}{chapter.11}% 109
\BOOKMARK [2][-]{subsection.11.5.1}{\376\377\000L\000i\000n\000e\000\040\000i\000n\000t\000e\000g\000r\000a\000l\000s\000\040\000o\000f\000\040\000v\000e\000c\000t\000o\000r\000\040\000f\000i\000e\000l\000d\000s}{section.11.5}% 110
\BOOKMARK [1][-]{section.11.6}{\376\377\000F\000l\000u\000x\000\040\000a\000n\000d\000\040\000S\000u\000r\000f\000a\000c\000e\000\040\000I\000n\000t\000e\000g\000r\000a\000l\000s}{chapter.11}% 111
\BOOKMARK [2][-]{subsection.11.6.1}{\376\377\000V\000o\000l\000u\000m\000e\000\040\000I\000n\000t\000e\000g\000r\000a\000l\000s}{section.11.6}% 112
\BOOKMARK [1][-]{section.11.7}{\376\377\000P\000o\000t\000e\000n\000t\000i\000a\000l\000\040\000F\000u\000n\000c\000t\000i\000o\000n\000s}{chapter.11}% 113
\BOOKMARK [2][-]{subsection.11.7.1}{\376\377\000I\000n\000t\000e\000g\000r\000a\000t\000i\000n\000g\000\040\000t\000h\000e\000\040\000G\000r\000a\000d\000i\000e\000n\000t}{section.11.7}% 114
\BOOKMARK [2][-]{subsection.11.7.2}{\376\377\000R\000e\000q\000u\000i\000r\000e\000m\000e\000n\000t\000s\000\040\000f\000o\000r\000\040\000P\000o\000t\000e\000n\000t\000i\000a\000l\000s}{section.11.7}% 115
\BOOKMARK [2][-]{subsection.11.7.3}{\376\377\000P\000r\000o\000p\000e\000r\000t\000i\000e\000s\000\040\000o\000f\000\040\000F\000i\000e\000l\000d\000s\000\040\000w\000i\000t\000h\000\040\000P\000o\000t\000e\000n\000t\000i\000a\000l\000s}{section.11.7}% 116
\BOOKMARK [1][-]{section.11.8}{\376\377\000I\000n\000t\000e\000g\000r\000a\000l\000s\000\040\000o\000f\000\040\000S\000c\000a\000l\000a\000r\000\040\000F\000i\000e\000l\000d\000s}{chapter.11}% 117
\BOOKMARK [2][-]{subsection.11.8.1}{\376\377\000L\000i\000n\000e\000\040\000I\000n\000t\000e\000g\000r\000a\000l\000s}{section.11.8}% 118
\BOOKMARK [0][-]{chapter.12}{\376\377\000I\000m\000p\000l\000i\000c\000i\000t\000\040\000a\000n\000d\000\040\000e\000x\000p\000l\000i\000c\000i\000t\000\040\000p\000a\000r\000a\000m\000e\000t\000e\000r\000i\000z\000a\000t\000i\000o\000n\000s}{part.4}% 119
\BOOKMARK [1][-]{section.12.1}{\376\377\000I\000m\000p\000l\000i\000c\000i\000t\000\040\000s\000u\000r\000f\000a\000c\000e\000s}{chapter.12}% 120
\BOOKMARK [2][-]{subsection.12.1.1}{\376\377\000N\000o\000r\000m\000a\000l\000\040\000V\000e\000c\000t\000o\000r\000s\000\040\000t\000o\000\040\000I\000m\000p\000l\000i\000c\000i\000t\000\040\000S\000u\000r\000f\000a\000c\000e\000s}{section.12.1}% 121
\BOOKMARK [2][-]{subsection.12.1.2}{\376\377\000I\000m\000p\000l\000i\000c\000i\000t\000\040\000F\000u\000n\000c\000t\000i\000o\000n\000\040\000T\000h\000e\000o\000r\000e\000m}{section.12.1}% 122
\BOOKMARK [1][-]{section.12.2}{\376\377\000S\000u\000r\000f\000a\000c\000e\000s\000\040\000a\000s\000\040\000G\000r\000a\000p\000h\000s}{chapter.12}% 123
\BOOKMARK [2][-]{subsection.12.2.1}{\376\377\000E\000q\000u\000a\000t\000i\000o\000n\000\040\000f\000o\000r\000\040\000a\000\040\000P\000l\000a\000n\000e}{section.12.2}% 124
\BOOKMARK [2][-]{subsection.12.2.2}{\376\377\000T\000a\000n\000g\000e\000n\000t\000\040\000P\000l\000a\000n\000e\000s\000\040\000a\000n\000d\000\040\000S\000u\000r\000f\000a\000c\000e\000\040\000N\000o\000r\000m\000a\000l\000s}{section.12.2}% 125
\BOOKMARK [1][-]{section.12.3}{\376\377\000A\000r\000e\000a\000\040\000F\000o\000r\000m\000\040\000a\000n\000d\000\040\000I\000n\000t\000e\000g\000r\000a\000t\000i\000o\000n}{chapter.12}% 126
\BOOKMARK [0][-]{chapter.13}{\376\377\000C\000o\000o\000r\000d\000i\000n\000a\000t\000e\000\040\000s\000y\000s\000t\000e\000m\000s}{part.4}% 127
\BOOKMARK [1][-]{section.13.1}{\376\377\000C\000y\000l\000i\000n\000d\000r\000i\000c\000a\000l\000\040\000C\000o\000o\000r\000d\000i\000n\000a\000t\000e\000s}{chapter.13}% 128
\BOOKMARK [2][-]{subsection.13.1.1}{\376\377\000F\000u\000n\000c\000t\000i\000o\000n\000s\000\040\000a\000n\000d\000\040\000C\000a\000l\000c\000u\000l\000u\000s\000\040\000i\000n\000\040\000C\000y\000l\000i\000n\000d\000r\000i\000c\000a\000l\000\040\000C\000o\000o\000r\000d\000i\000n\000a\000t\000e\000s}{section.13.1}% 129
\BOOKMARK [2][-]{subsection.13.1.2}{\376\377\000C\000y\000l\000i\000n\000d\000r\000i\000c\000a\000l\000\040\000U\000n\000i\000t\000\040\000V\000e\000c\000t\000o\000r\000\040\000F\000i\000e\000l\000d\000s}{section.13.1}% 130
\BOOKMARK [2][-]{subsection.13.1.3}{\376\377\000I\000n\000t\000e\000g\000r\000a\000t\000i\000o\000n\000\040\000i\000n\000\040\000C\000y\000l\000i\000n\000d\000r\000i\000c\000a\000l\000\040\000C\000o\000o\000r\000d\000i\000n\000a\000t\000e\000s}{section.13.1}% 131
\BOOKMARK [2][-]{subsection.13.1.4}{\376\377\000D\000e\000r\000i\000v\000a\000t\000i\000v\000e\000s\000\040\000i\000n\000\040\000C\000y\000l\000i\000n\000d\000r\000i\000c\000a\000l\000\040\000C\000o\000o\000r\000d\000i\000n\000a\000t\000e\000s}{section.13.1}% 132
\BOOKMARK [1][-]{section.13.2}{\376\377\000S\000p\000h\000e\000r\000i\000c\000a\000l\000\040\000C\000o\000o\000r\000d\000i\000n\000a\000t\000e\000s}{chapter.13}% 133
\BOOKMARK [2][-]{subsection.13.2.1}{\376\377\000I\000n\000t\000e\000g\000r\000a\000t\000i\000o\000n\000\040\000i\000n\000\040\000S\000p\000h\000e\000r\000i\000c\000a\000l\000\040\000C\000o\000o\000r\000d\000i\000n\000a\000t\000e\000s}{section.13.2}% 134
\BOOKMARK [-1][-]{part.5}{\376\377\000V\000\040\000P\000a\000r\000t\000i\000a\000l\000\040\000D\000i\000f\000f\000e\000r\000e\000n\000t\000i\000a\000l\000\040\000E\000q\000u\000a\000t\000i\000o\000n\000s}{}% 135
\BOOKMARK [0][-]{chapter.14}{\376\377\000M\000o\000d\000e\000l\000i\000n\000g\000\040\000a\000n\000d\000\040\000t\000h\000e\000\040\000c\000o\000n\000t\000i\000n\000u\000u\000m\000\040\000l\000i\000m\000i\000t}{part.5}% 136
\BOOKMARK [1][-]{section.14.1}{\376\377\000H\000i\000g\000h\000e\000r\000\040\000d\000i\000m\000e\000n\000s\000i\000o\000n\000a\000l\000\040\000O\000D\000E\000s}{chapter.14}% 137
\BOOKMARK [1][-]{section.14.2}{\376\377\000L\000i\000n\000e\000a\000r\000\040\000s\000y\000s\000t\000e\000m\000s\000\040\000a\000n\000d\000\040\000f\000l\000o\000w\000s}{chapter.14}% 138
\BOOKMARK [1][-]{section.14.3}{\376\377\000P\000a\000r\000t\000i\000a\000l\000\040\000D\000i\000f\000f\000e\000r\000e\000n\000t\000i\000a\000l\000\040\000E\000q\000u\000a\000t\000i\000o\000n\000s}{chapter.14}% 139
\BOOKMARK [1][-]{section.14.4}{\376\377\000T\000h\000e\000\040\000h\000e\000a\000t\000\040\000e\000q\000u\000a\000t\000i\000o\000n}{chapter.14}% 140
\BOOKMARK [1][-]{section.14.5}{\376\377\000T\000h\000e\000\040\000L\000a\000p\000l\000a\000c\000e\000\040\000E\000q\000u\000a\000t\000i\000o\000n}{chapter.14}% 141
\BOOKMARK [1][-]{section.14.6}{\376\377\000T\000h\000e\000\040\000W\000a\000v\000e\000\040\000E\000q\000u\000a\000t\000i\000o\000n}{chapter.14}% 142
\BOOKMARK [0][-]{chapter.15}{\376\377\000S\000e\000p\000a\000r\000a\000t\000i\000o\000n\000\040\000o\000f\000\040\000v\000a\000r\000i\000a\000b\000l\000e\000s}{part.5}% 143
\BOOKMARK [-1][-]{part.6}{\376\377\000V\000I\000\040\000F\000u\000r\000t\000h\000e\000r\000\040\000T\000o\000p\000i\000c\000s\000\040\000i\000n\000\040\000L\000i\000n\000e\000a\000r\000\040\000A\000l\000g\000e\000b\000r\000a}{}% 144
\BOOKMARK [0][-]{chapter.16}{\376\377\000C\000o\000m\000p\000l\000e\000x\000\040\000f\000u\000n\000c\000t\000i\000o\000n\000s\000\040\000a\000n\000d\000\040\000t\000r\000a\000n\000s\000f\000o\000r\000m\000a\000t\000i\000o\000n\000s}{part.6}% 145
\BOOKMARK [1][-]{section.16.1}{\376\377\000I\000n\000t\000r\000o\000d\000u\000c\000t\000i\000o\000n}{chapter.16}% 146
\BOOKMARK [1][-]{section.16.2}{\376\377\000C\000o\000m\000p\000l\000e\000x\000\040\000F\000u\000n\000c\000t\000i\000o\000n\000s}{chapter.16}% 147
\BOOKMARK [2][-]{subsection.16.2.1}{\376\377\000C\000a\000r\000t\000e\000s\000i\000a\000n\000\040\000a\000n\000d\000\040\000P\000o\000l\000a\000r\000\040\000R\000e\000p\000r\000e\000s\000e\000n\000t\000a\000t\000i\000o\000n\000s}{section.16.2}% 148
\BOOKMARK [2][-]{subsection.16.2.2}{\376\377\000C\000o\000m\000p\000l\000e\000x\000\040\000V\000a\000l\000u\000e\000d\000\040\000F\000u\000n\000c\000t\000i\000o\000n\000s}{section.16.2}% 149
\BOOKMARK [0][-]{chapter.17}{\376\377\000I\000n\000n\000e\000r\000\040\000p\000r\000o\000d\000u\000c\000t\000\040\000s\000p\000a\000c\000e\000s}{part.6}% 150
\BOOKMARK [1][-]{section.17.1}{\376\377\000I\000n\000t\000r\000o\000d\000u\000c\000t\000i\000o\000n}{chapter.17}% 151
\BOOKMARK [2][-]{subsection.17.1.1}{\376\377\000I\000n\000f\000i\000n\000i\000t\000e\000\040\000D\000i\000m\000e\000n\000s\000i\000o\000n\000s}{section.17.1}% 152
\BOOKMARK [1][-]{section.17.2}{\376\377\000F\000u\000n\000c\000t\000i\000o\000n\000\040\000S\000p\000a\000c\000e\000s}{chapter.17}% 153
\BOOKMARK [1][-]{section.17.3}{\376\377\000I\000n\000n\000e\000r\000\040\000P\000r\000o\000d\000u\000c\000t\000s\000\040\000a\000n\000d\000\040\000N\000o\000r\000m\000s}{chapter.17}% 154
\BOOKMARK [2][-]{subsection.17.3.1}{\376\377\000N\000o\000r\000m\000s}{section.17.3}% 155
\BOOKMARK [1][-]{section.17.4}{\376\377\000I\000n\000n\000e\000r\000\040\000P\000r\000o\000d\000u\000c\000t\000\040\000S\000p\000a\000c\000e\000s}{chapter.17}% 156
\BOOKMARK [1][-]{section.17.5}{\376\377\000S\000y\000m\000m\000e\000t\000r\000i\000e\000s}{chapter.17}% 157
\BOOKMARK [1][-]{section.17.6}{\376\377\000B\000a\000s\000e\000s}{chapter.17}% 158
\BOOKMARK [2][-]{subsection.17.6.1}{\376\377\000O\000r\000t\000h\000o\000n\000o\000r\000m\000a\000l\000\040\000B\000a\000s\000e\000s}{section.17.6}% 159
\BOOKMARK [2][-]{subsection.17.6.2}{\376\377\000S\000e\000r\000i\000e\000s\000\040\000a\000n\000d\000\040\000I\000n\000t\000e\000g\000r\000a\000l\000s\000\040\000a\000s\000\040\000L\000i\000n\000e\000a\000r\000\040\000C\000o\000m\000b\000i\000n\000a\000t\000i\000o\000n\000s}{section.17.6}% 160
\BOOKMARK [2][-]{subsection.17.6.3}{\376\377\000P\000r\000o\000j\000e\000c\000t\000i\000o\000n}{section.17.6}% 161
\BOOKMARK [0][-]{chapter.18}{\376\377\000L\000i\000n\000e\000a\000r\000\040\000O\000p\000e\000r\000a\000t\000o\000r\000s}{part.6}% 162
\BOOKMARK [1][-]{section.18.1}{\376\377\000M\000a\000t\000r\000i\000c\000e\000s}{chapter.18}% 163
\BOOKMARK [1][-]{section.18.2}{\376\377\000L\000i\000n\000e\000a\000r\000\040\000O\000p\000e\000r\000a\000t\000o\000r\000s}{chapter.18}% 164
\BOOKMARK [2][-]{subsection.18.2.1}{\376\377\000A\000d\000j\000o\000i\000n\000t\000s}{section.18.2}% 165
\BOOKMARK [2][-]{subsection.18.2.2}{\376\377\000H\000e\000r\000m\000i\000t\000i\000a\000n\000\040\000O\000p\000e\000r\000a\000t\000o\000r\000s}{section.18.2}% 166
\BOOKMARK [1][-]{section.18.3}{\376\377\000D\000i\000f\000f\000e\000r\000e\000n\000t\000i\000a\000l\000\040\000a\000n\000d\000\040\000I\000n\000t\000e\000g\000r\000a\000l\000\040\000O\000p\000e\000r\000a\000t\000o\000r\000s}{chapter.18}% 167
\BOOKMARK [2][-]{subsection.18.3.1}{\376\377\000I\000n\000t\000e\000g\000r\000a\000l\000\040\000O\000p\000e\000r\000a\000t\000o\000r\000s}{section.18.3}% 168
\BOOKMARK [1][-]{section.18.4}{\376\377\000S\000p\000e\000c\000t\000r\000a}{chapter.18}% 169
\BOOKMARK [0][-]{chapter.19}{\376\377\000F\000o\000u\000r\000i\000e\000r\000\040\000T\000h\000e\000o\000r\000y}{part.6}% 170
\BOOKMARK [1][-]{section.19.1}{\376\377\000F\000o\000u\000r\000i\000e\000r\000\040\000S\000e\000r\000i\000e\000s}{chapter.19}% 171
\BOOKMARK [2][-]{subsection.19.1.1}{\376\377\000S\000o\000l\000v\000i\000n\000g\000\040\000E\000q\000u\000a\000t\000i\000o\000n\000s}{section.19.1}% 172
\BOOKMARK [1][-]{section.19.2}{\376\377\000F\000o\000u\000r\000i\000e\000r\000\040\000T\000r\000a\000n\000s\000f\000o\000r\000m}{chapter.19}% 173
\BOOKMARK [2][-]{subsection.19.2.1}{\376\377\000F\000o\000u\000r\000i\000e\000r\000\040\000T\000r\000a\000n\000s\000f\000o\000r\000m\000\040\000O\000p\000e\000r\000a\000t\000o\000r}{section.19.2}% 174
\BOOKMARK [1][-]{section.19.3}{\376\377\000T\000h\000e\000\040\000D\000i\000r\000a\000c\000\040\000D\000e\000l\000t\000a\000\040\000F\000u\000n\000c\000t\000i\000o\000n}{chapter.19}% 175
\BOOKMARK [1][-]{section.19.4}{\376\377\000C\000o\000m\000p\000u\000t\000i\000n\000g\000\040\000F\000o\000u\000r\000i\000e\000r\000\040\000T\000r\000a\000n\000s\000f\000o\000r\000m\000s}{chapter.19}% 176
\BOOKMARK [1][-]{section.19.5}{\376\377\000T\000h\000e\000\040\000I\000n\000v\000e\000r\000s\000e\000\040\000F\000o\000u\000r\000i\000e\000r\000\040\000T\000r\000a\000n\000s\000f\000o\000r\000m}{chapter.19}% 177
\BOOKMARK [1][-]{section.19.6}{\376\377\000S\000o\000l\000v\000i\000n\000g\000\040\000D\000i\000f\000f\000e\000r\000e\000n\000t\000i\000a\000l\000\040\000E\000q\000u\000a\000t\000i\000o\000n\000s}{chapter.19}% 178
